0 info it worked if it ends with ok
1 verbose cli [ '/usr/local/bin/node', '/usr/local/bin/npm', 'start' ]
2 info using npm@3.3.12
3 info using node@v5.3.0
4 verbose run-script [ 'prestart', 'start', 'poststart' ]
5 info lifecycle dangerous-denver@1.0.0~prestart: dangerous-denver@1.0.0
6 silly lifecycle dangerous-denver@1.0.0~prestart: no script for prestart, continuing
7 info lifecycle dangerous-denver@1.0.0~start: dangerous-denver@1.0.0
8 verbose lifecycle dangerous-denver@1.0.0~start: unsafe-perm in lifecycle true
9 verbose lifecycle dangerous-denver@1.0.0~start: PATH: /usr/local/lib/node_modules/npm/bin/node-gyp-bin:/Users/jackyeh/Desktop/hackers_education/Turing/projects/dangerous-denver/node_modules/.bin:/Users/jackyeh/.rvm/gems/ruby-2.2.1/bin:/Users/jackyeh/.rvm/gems/ruby-2.2.1@global/bin:/Users/jackyeh/.rvm/rubies/ruby-2.2.1/bin:/usr/local/bin:/usr/local/sbin:/usr/bin:/bin:/usr/sbin:/sbin:/Users/jackyeh/.rvm/bin
10 verbose lifecycle dangerous-denver@1.0.0~start: CWD: /Users/jackyeh/Desktop/hackers_education/Turing/projects/dangerous-denver
11 silly lifecycle dangerous-denver@1.0.0~start: Args: [ '-c', 'node ./lib/index.js' ]
12 silly lifecycle dangerous-denver@1.0.0~start: Returned: code: 1  signal: null
13 info lifecycle dangerous-denver@1.0.0~start: Failed to exec start script
14 verbose stack Error: dangerous-denver@1.0.0 start: `node ./lib/index.js`
14 verbose stack Exit status 1
14 verbose stack     at EventEmitter.<anonymous> (/usr/local/lib/node_modules/npm/lib/utils/lifecycle.js:232:16)
14 verbose stack     at emitTwo (events.js:87:13)
14 verbose stack     at EventEmitter.emit (events.js:172:7)
14 verbose stack     at ChildProcess.<anonymous> (/usr/local/lib/node_modules/npm/lib/utils/spawn.js:24:14)
14 verbose stack     at emitTwo (events.js:87:13)
14 verbose stack     at ChildProcess.emit (events.js:172:7)
14 verbose stack     at maybeClose (internal/child_process.js:818:16)
14 verbose stack     at Process.ChildProcess._handle.onexit (internal/child_process.js:211:5)
15 verbose pkgid dangerous-denver@1.0.0
16 verbose cwd /Users/jackyeh/Desktop/hackers_education/Turing/projects/dangerous-denver
17 error Darwin 15.2.0
18 error argv "/usr/local/bin/node" "/usr/local/bin/npm" "start"
19 error node v5.3.0
20 error npm  v3.3.12
21 error code ELIFECYCLE
22 error dangerous-denver@1.0.0 start: `node ./lib/index.js`
22 error Exit status 1
23 error Failed at the dangerous-denver@1.0.0 start script 'node ./lib/index.js'.
23 error Make sure you have the latest version of node.js and npm installed.
23 error If you do, this is most likely a problem with the dangerous-denver package,
23 error not with npm itself.
23 error Tell the author that this fails on your system:
23 error     node ./lib/index.js
23 error You can get their info via:
23 error     npm owner ls dangerous-denver
23 error There is likely additional logging output above.
24 verbose exit [ 1, true ]
